==============================================================================
Sauce Robot framework                                                         
==============================================================================
Sauce Robot framework.Tests                                                   
==============================================================================
Sauce Robot framework.Tests.LoginTest                                         
==============================================================================
Validate different login in saucedemo                                 | PASS |
------------------------------------------------------------------------------
Validate different login in saucedemo                                 | PASS |
------------------------------------------------------------------------------
Validate different login in saucedemo                                 | PASS |
------------------------------------------------------------------------------
Validate different login in saucedemo                                 | PASS |
------------------------------------------------------------------------------
Validate different login in saucedemo                                 | PASS |
------------------------------------------------------------------------------
Validate different login in saucedemo                                 | PASS |
------------------------------------------------------------------------------
Validate different login in saucedemo                                 | PASS |
------------------------------------------------------------------------------
Validate different login in saucedemo                                 | PASS |
------------------------------------------------------------------------------
Sauce Robot framework.Tests.LoginTest                                 | PASS |
8 tests, 8 passed, 0 failed
==============================================================================
Sauce Robot framework.Tests                                           | PASS |
8 tests, 8 passed, 0 failed
==============================================================================
Sauce Robot framework                                                 | PASS |
8 tests, 8 passed, 0 failed
==============================================================================
Output:  C:\Sauce_Robot_framework\pabot_results\2\output.xml
